<?xml version="1.0" encoding="UTF-8"?>
<!-- Generated by org.testng.reporters.JUnitXMLReporter -->
<testsuite ignored="1" hostname="DESKTOP-055373R" failures="1" tests="2" name="Amount Button Test" time="15.042" errors="0" timestamp="2023-01-18T16:25:29 IST">
  <testcase classname="loginpageassignment.assignment" name="Sortvalue" time="14.237"/>
  <testcase classname="loginpageassignment.pageobject" name="Clickbutton" time="0.005">
    <failure type="java.lang.NullPointerException" message="Cannot invoke &amp;quot;com.aventstack.extentreports.ExtentReports.createTest(String)&amp;quot; because &amp;quot;this.extent&amp;quot; is null">
      <![CDATA[java.lang.NullPointerException: Cannot invoke "com.aventstack.extentreports.ExtentReports.createTest(String)" because "this.extent" is null
at loginpageassignment.pageobject.Clickbutton(pageobject.java:15)
at java.base/java.util.ArrayList.forEach(ArrayList.java:1511)
... Removed 27 stack frames]]>
    </failure>
  </testcase> <!-- Clickbutton -->
  <testcase classname="loginpageassignment.base" name="@BeforeTest config" time="0.0">
    <ignored/>
  </testcase> <!-- @BeforeTest config -->
</testsuite> <!-- Amount Button Test -->
